# JRE version: OpenJDK Runtime Environment (8.0_242-b01) (build 1.8.0_242-release-1644-b01)
# Java VM: OpenJDK 64-Bit Server VM (25.242-b01 mixed mode windows-amd64 compressed oops)
Heap:
 PSYoungGen      total 537600K, used 198762K [0x00000000d5580000, 0x0000000100000000, 0x0000000100000000)
  eden space 485888K, 40% used [0x00000000d5580000,0x00000000e179a978,0x00000000f3000000)
  from space 51712K, 0% used [0x00000000fcd80000,0x00000000fcd80000,0x0000000100000000)
  to   space 106496K, 0% used [0x00000000f3000000,0x00000000f3000000,0x00000000f9800000)
 ParOldGen       total 337408K, used 88197K [0x0000000080000000, 0x0000000094980000, 0x00000000d5580000)
  object space 337408K, 26% used [0x0000000080000000,0x00000000856214f0,0x0000000094980000)
 Metaspace       used 100349K, capacity 105690K, committed 107544K, reserved 1142784K
  class space    used 12835K, capacity 13811K, committed 14384K, reserved 1048576K
GC Heap History (10 events):
Event: 427.483 GC heap before
{Heap before GC invocations=18 (full 4):
 PSYoungGen      total 601600K, used 558990K [0x00000000d5580000, 0x0000000100000000, 0x0000000100000000)
  eden space 550400K, 100% used [0x00000000d5580000,0x00000000f6f00000,0x00000000f6f00000)
  from space 51200K, 16% used [0x00000000f6f00000,0x00000000f77639f8,0x00000000fa100000)
  to   space 49664K, 0% used [0x00000000fcf80000,0x00000000fcf80000,0x0000000100000000)
 ParOldGen       total 230400K, used 78089K [0x0000000080000000, 0x000000008e100000, 0x00000000d5580000)
  object space 230400K, 33% used [0x0000000080000000,0x0000000084c42448,0x000000008e100000)
 Metaspace       used 95093K, capacity 99930K, committed 102168K, reserved 1138688K
  class space    used 12351K, capacity 13199K, committed 13872K, reserved 1048576K
Event: 427.490 GC heap after
Heap after GC invocations=18 (full 4):
 PSYoungGen      total 645120K, used 1928K [0x00000000d5580000, 0x00000000ffd80000, 0x0000000100000000)
  eden space 598016K, 0% used [0x00000000d5580000,0x00000000d5580000,0x00000000f9d80000)
  from space 47104K, 4% used [0x00000000fcf80000,0x00000000fd162158,0x00000000ffd80000)
  to   space 49152K, 0% used [0x00000000f9d80000,0x00000000f9d80000,0x00000000fcd80000)
 ParOldGen       total 230400K, used 78097K [0x0000000080000000, 0x000000008e100000, 0x00000000d5580000)
  object space 230400K, 33% used [0x0000000080000000,0x0000000084c44448,0x000000008e100000)
 Metaspace       used 95093K, capacity 99930K, committed 102168K, reserved 1138688K
  class space    used 12351K, capacity 13199K, committed 13872K, reserved 1048576K
}
Event: 431.881 GC heap before
{Heap before GC invocations=19 (full 4):
 PSYoungGen      total 645120K, used 599944K [0x00000000d5580000, 0x00000000ffd80000, 0x0000000100000000)
  eden space 598016K, 100% used [0x00000000d5580000,0x00000000f9d80000,0x00000000f9d80000)
  from space 47104K, 4% used [0x00000000fcf80000,0x00000000fd162158,0x00000000ffd80000)
  to   space 49152K, 0% used [0x00000000f9d80000,0x00000000f9d80000,0x00000000fcd80000)
 ParOldGen       total 230400K, used 78097K [0x0000000080000000, 0x000000008e100000, 0x00000000d5580000)
  object space 230400K, 33% used [0x0000000080000000,0x0000000084c44448,0x000000008e100000)
 Metaspace       used 98397K, capacity 103524K, committed 105368K, reserved 1140736K
  class space    used 12671K, capacity 13606K, committed 14256K, reserved 1048576K
Event: 431.913 GC heap after
Heap after GC invocations=19 (full 4):
 PSYoungGen      total 647168K, used 49130K [0x00000000d5580000, 0x0000000100000000, 0x0000000100000000)
  eden space 598016K, 0% used [0x00000000d5580000,0x00000000d5580000,0x00000000f9d80000)
  from space 49152K, 99% used [0x00000000f9d80000,0x00000000fcd7a928,0x00000000fcd80000)
  to   space 51712K, 0% used [0x00000000fcd80000,0x00000000fcd80000,0x0000000100000000)
 ParOldGen       total 230400K, used 80648K [0x0000000080000000, 0x000000008e100000, 0x00000000d5580000)
  object space 230400K, 35% used [0x0000000080000000,0x0000000084ec2240,0x000000008e100000)
 Metaspace       used 98397K, capacity 103524K, committed 105368K, reserved 1140736K
  class space    used 12671K, capacity 13606K, committed 14256K, reserved 1048576K
}
Event: 434.099 GC heap before
{Heap before GC invocations=20 (full 4):
 PSYoungGen      total 647168K, used 647146K [0x00000000d5580000, 0x0000000100000000, 0x0000000100000000)
  eden space 598016K, 100% used [0x00000000d5580000,0x00000000f9d80000,0x00000000f9d80000)
  from space 49152K, 99% used [0x00000000f9d80000,0x00000000fcd7a928,0x00000000fcd80000)
  to   space 51712K, 0% used [0x00000000fcd80000,0x00000000fcd80000,0x0000000100000000)
 ParOldGen       total 230400K, used 80648K [0x0000000080000000, 0x000000008e100000, 0x00000000d5580000)
  object space 230400K, 35% used [0x0000000080000000,0x0000000084ec2240,0x000000008e100000)
 Metaspace       used 99820K, capacity 104988K, committed 106776K, reserved 1142784K
  class space    used 12840K, capacity 13802K, committed 14384K, reserved 1048576K
Event: 434.246 GC heap after
Heap after GC invocations=20 (full 4):
 PSYoungGen      total 537600K, used 51696K [0x00000000d5580000, 0x0000000100000000, 0x0000000100000000)
  eden space 485888K, 0% used [0x00000000d5580000,0x00000000d5580000,0x00000000f3000000)
  from space 51712K, 99% used [0x00000000fcd80000,0x00000000ffffc148,0x0000000100000000)
  to   space 106496K, 0% used [0x00000000f3000000,0x00000000f3000000,0x00000000f9800000)
 ParOldGen       total 230400K, used 187597K [0x0000000080000000, 0x000000008e100000, 0x00000000d5580000)
  object space 230400K, 81% used [0x0000000080000000,0x000000008b733498,0x000000008e100000)
 Metaspace       used 99820K, capacity 104988K, committed 106776K, reserved 1142784K
  class space    used 12840K, capacity 13802K, committed 14384K, reserved 1048576K
}
Event: 434.246 GC heap before
{Heap before GC invocations=21 (full 5):
 PSYoungGen      total 537600K, used 51696K [0x00000000d5580000, 0x0000000100000000, 0x0000000100000000)
  eden space 485888K, 0% used [0x00000000d5580000,0x00000000d5580000,0x00000000f3000000)
  from space 51712K, 99% used [0x00000000fcd80000,0x00000000ffffc148,0x0000000100000000)
  to   space 106496K, 0% used [0x00000000f3000000,0x00000000f3000000,0x00000000f9800000)
 ParOldGen       total 230400K, used 187597K [0x0000000080000000, 0x000000008e100000, 0x00000000d5580000)
  object space 230400K, 81% used [0x0000000080000000,0x000000008b733498,0x000000008e100000)
 Metaspace       used 99820K, capacity 104988K, committed 106776K, reserved 1142784K
  class space    used 12840K, capacity 13802K, committed 14384K, reserved 1048576K
Event: 435.008 GC heap after
Heap after GC invocations=21 (full 5):
 PSYoungGen      total 537600K, used 0K [0x00000000d5580000, 0x0000000100000000, 0x0000000100000000)
  eden space 485888K, 0% used [0x00000000d5580000,0x00000000d5580000,0x00000000f3000000)
  from space 51712K, 0% used [0x00000000fcd80000,0x00000000fcd80000,0x0000000100000000)
  to   space 106496K, 0% used [0x00000000f3000000,0x00000000f3000000,0x00000000f9800000)
 ParOldGen       total 230400K, used 211492K [0x0000000080000000, 0x000000008e100000, 0x00000000d5580000)
  object space 230400K, 91% used [0x0000000080000000,0x000000008ce893e8,0x000000008e100000)
 Metaspace       used 99813K, capacity 104976K, committed 106776K, reserved 1142784K
  class space    used 12839K, capacity 13800K, committed 14384K, reserved 1048576K
}
Event: 436.873 GC heap before
{Heap before GC invocations=22 (full 6):
 PSYoungGen      total 537600K, used 485888K [0x00000000d5580000, 0x0000000100000000, 0x0000000100000000)
  eden space 485888K, 100% used [0x00000000d5580000,0x00000000f3000000,0x00000000f3000000)
  from space 51712K, 0% used [0x00000000fcd80000,0x00000000fcd80000,0x0000000100000000)
  to   space 106496K, 0% used [0x00000000f3000000,0x00000000f3000000,0x00000000f9800000)
 ParOldGen       total 230400K, used 211492K [0x0000000080000000, 0x000000008e100000, 0x00000000d5580000)
  object space 230400K, 91% used [0x0000000080000000,0x000000008ce893e8,0x000000008e100000)
 Metaspace       used 100611K, capacity 105918K, committed 107544K, reserved 1142784K
  class space    used 12886K, capacity 13855K, committed 14384K, reserved 1048576K
Event: 437.081 GC heap after
Heap after GC invocations=22 (full 6):
 PSYoungGen      total 537600K, used 0K [0x00000000d5580000, 0x0000000100000000, 0x0000000100000000)
  eden space 485888K, 0% used [0x00000000d5580000,0x00000000d5580000,0x00000000f3000000)
  from space 51712K, 0% used [0x00000000fcd80000,0x00000000fcd80000,0x0000000100000000)
  to   space 106496K, 0% used [0x00000000f3000000,0x00000000f3000000,0x00000000f9800000)
 ParOldGen       total 337408K, used 88197K [0x0000000080000000, 0x0000000094980000, 0x00000000d5580000)
  object space 337408K, 26% used [0x0000000080000000,0x00000000856214f0,0x0000000094980000)
 Metaspace       used 99803K, capacity 105090K, committed 107544K, reserved 1142784K
  class space    used 12784K, capacity 13749K, committed 14384K, reserved 1048576K
}

